<?xml version="1.0" encoding="UTF-8"?>
<testng-results skipped="0" failed="0" ignored="0" total="1" passed="1">
  <reporter-output>
  </reporter-output>
  <suite name="Default suite" duration-ms="15233" started-at="2021-06-09T04:14:26Z" finished-at="2021-06-09T04:14:41Z">
    <groups>
    </groups>
    <test name="Default test" duration-ms="15233" started-at="2021-06-09T04:14:26Z" finished-at="2021-06-09T04:14:41Z">
      <class name="org.sampleprog.AmazonIphones">
        <test-method status="PASS" signature="ascendingOrder()[pri:0, instance:org.sampleprog.AmazonIphones@6767c1fc]" name="ascendingOrder" duration-ms="15146" started-at="2021-06-09T04:14:26Z" finished-at="2021-06-09T04:14:41Z">
          <reporter-output>
          </reporter-output>
        </test-method> <!-- ascendingOrder -->
      </class> <!-- org.sampleprog.AmazonIphones -->
    </test> <!-- Default test -->
  </suite> <!-- Default suite -->
</testng-results>
